<?xml version="1.0" encoding="UTF-8"?>
<testsuite name="com.moin.DoctorProfile.UpcomingAppointmentServiceTest" tests="1" skipped="0" failures="0" errors="0" timestamp="2023-11-27T10:08:15" hostname="ANTU-ACHARJEE" time="2.479">
  <properties/>
  <testcase name="alUpcomingPatientAppointments_Success()" classname="com.moin.DoctorProfile.UpcomingAppointmentServiceTest" time="2.479"/>
  <system-out><![CDATA[]]></system-out>
  <system-err><![CDATA[]]></system-err>
</testsuite>
